2017-10-08 19:26:19,187 INFO  [main] o.s.w.c.ContextLoader:285 Root WebApplicationContext: initialization started
2017-10-08 19:26:19,268 INFO  [main] o.s.w.c.s.XmlWebApplicationContext:512 Refreshing Root WebApplicationContext: startup date [Sun Oct 08 19:26:19 CST 2017]; root of context hierarchy
2017-10-08 19:26:19,319 INFO  [main] o.s.b.f.x.XmlBeanDefinitionReader:316 Loading XML bean definitions from class path resource [spring/root-context.xml]
2017-10-08 19:26:19,555 INFO  [main] o.s.b.f.x.XmlBeanDefinitionReader:316 Loading XML bean definitions from class path resource [spring/mvc-context.xml]
2017-10-08 19:26:19,767 INFO  [main] o.s.b.f.x.XmlBeanDefinitionReader:316 Loading XML bean definitions from class path resource [spring/shunt.xml]
2017-10-08 19:26:19,824 INFO  [main] o.s.b.f.x.XmlBeanDefinitionReader:316 Loading XML bean definitions from class path resource [spring/datasource-context.xml]
2017-10-08 19:26:20,371 INFO  [main] o.s.b.f.c.PropertyPlaceholderConfigurer:172 Loading properties file from class path resource [jdbc.properties]
2017-10-08 19:26:20,394 INFO  [main] o.s.b.f.a.AutowiredAnnotationBeanPostProcessor:141 JSR-330 'javax.inject.Inject' annotation found and supported for autowiring
2017-10-08 19:26:20,531 INFO  [main] o.s.b.f.s.DefaultListableBeanFactory:603 Pre-instantiating singletons in org.springframework.beans.factory.support.DefaultListableBeanFactory@3e33b52e: defining beans [org.springframework.context.annotation.internalConfigurationAnnotationProcessor,org.springframework.context.annotation.internalAutowiredAnnotationProcessor,org.springframework.context.annotation.internalRequiredAnnotationProcessor,org.springframework.context.annotation.internalCommonAnnotationProcessor,org.springframework.context.annotation.internalPersistenceAnnotationProcessor,org.springframework.beans.factory.config.PropertyPlaceholderConfigurer#0,mvcContentNegotiationManager,org.springframework.web.servlet.mvc.method.annotation.RequestMappingHandlerMapping#0,org.springframework.format.support.FormattingConversionServiceFactoryBean#0,org.springframework.web.servlet.mvc.method.annotation.RequestMappingHandlerAdapter#0,org.springframework.web.servlet.handler.MappedInterceptor#0,org.springframework.web.servlet.mvc.method.annotation.ExceptionHandlerExceptionResolver#0,org.springframework.web.servlet.mvc.annotation.ResponseStatusExceptionResolver#0,org.springframework.web.servlet.mvc.support.DefaultHandlerExceptionResolver#0,org.springframework.web.servlet.handler.BeanNameUrlHandlerMapping,org.springframework.web.servlet.mvc.HttpRequestHandlerAdapter,org.springframework.web.servlet.mvc.SimpleControllerHandlerAdapter,captchaController,policyAdminController,org.springframework.web.servlet.handler.MappedInterceptor#1,org.springframework.web.servlet.view.InternalResourceViewResolver#0,rest,org.springframework.web.servlet.handler.SimpleMappingExceptionResolver#0,conversionService,policyServiceImpl,userServiceImpl,dataSource,sessionFactory,org.springframework.aop.config.internalAutoProxyCreator,org.springframework.transaction.annotation.AnnotationTransactionAttributeSource#0,org.springframework.transaction.interceptor.TransactionInterceptor#0,org.springframework.transaction.config.internalTransactionAdvisor,transactionManager,pricePolicyDaoImpl,quotaPolicyDaoImpl,whitelistPolicyDaoImpl,org.springframework.context.annotation.ConfigurationClassPostProcessor.importAwareProcessor]; root of factory hierarchy
2017-10-08 19:26:20,683 INFO  [main] o.s.w.s.m.m.a.RequestMappingHandlerMapping:180 Mapped "{[/captcha/verify],methods=[GET],params=[],headers=[],consumes=[],produces=[],custom=[]}" onto public com.sunshine.common.http.response.CommonResponse com.sunshine.admin.controller.CaptchaController.verify(javax.servlet.http.HttpServletRequest,javax.servlet.http.HttpServletResponse,java.lang.String)
2017-10-08 19:26:20,683 INFO  [main] o.s.w.s.m.m.a.RequestMappingHandlerMapping:180 Mapped "{[/captcha/show],methods=[GET],params=[],headers=[],consumes=[],produces=[],custom=[]}" onto public void com.sunshine.admin.controller.CaptchaController.showCaptcha(javax.servlet.http.HttpServletRequest,javax.servlet.http.HttpServletResponse)
2017-10-08 19:26:20,691 INFO  [main] o.s.w.s.m.m.a.RequestMappingHandlerMapping:180 Mapped "{[/price/query],methods=[GET],params=[],headers=[],consumes=[],produces=[],custom=[]}" onto public com.sunshine.common.http.response.CommonResponse com.sunshine.admin.controller.PolicyAdminController.queryPrice(javax.servlet.http.HttpServletRequest,javax.servlet.http.HttpServletResponse,com.sunshine.common.vo.TripType,com.sunshine.common.vo.GDS,com.sunshine.common.vo.Platform,java.lang.String,java.lang.Long,java.lang.String,java.lang.String)
2017-10-08 19:26:20,692 INFO  [main] o.s.w.s.m.m.a.RequestMappingHandlerMapping:180 Mapped "{[/price/del],methods=[GET],params=[],headers=[],consumes=[],produces=[],custom=[]}" onto public com.sunshine.common.http.response.CommonResponse com.sunshine.admin.controller.PolicyAdminController.delPrice(javax.servlet.http.HttpServletRequest,javax.servlet.http.HttpServletResponse,long)
2017-10-08 19:26:20,693 INFO  [main] o.s.w.s.m.m.a.RequestMappingHandlerMapping:180 Mapped "{[/whitelist/query],methods=[GET],params=[],headers=[],consumes=[],produces=[],custom=[]}" onto public com.sunshine.common.http.response.CommonResponse com.sunshine.admin.controller.PolicyAdminController.queryWhitelist(javax.servlet.http.HttpServletRequest,javax.servlet.http.HttpServletResponse,com.sunshine.common.vo.GDS,java.lang.String,java.lang.Long,java.lang.String,java.lang.String)
2017-10-08 19:26:20,694 INFO  [main] o.s.w.s.m.m.a.RequestMappingHandlerMapping:180 Mapped "{[/whitelist/del],methods=[GET],params=[],headers=[],consumes=[],produces=[],custom=[]}" onto public com.sunshine.common.http.response.CommonResponse com.sunshine.admin.controller.PolicyAdminController.delWhitelist(javax.servlet.http.HttpServletRequest,javax.servlet.http.HttpServletResponse,long)
2017-10-08 19:26:20,694 INFO  [main] o.s.w.s.m.m.a.RequestMappingHandlerMapping:180 Mapped "{[/quota/query],methods=[GET],params=[],headers=[],consumes=[],produces=[],custom=[]}" onto public com.sunshine.common.http.response.CommonResponse com.sunshine.admin.controller.PolicyAdminController.queryQuota(javax.servlet.http.HttpServletRequest,javax.servlet.http.HttpServletResponse,java.lang.Integer,com.sunshine.common.vo.GDS,java.lang.Long,java.lang.String)
2017-10-08 19:26:20,695 INFO  [main] o.s.w.s.m.m.a.RequestMappingHandlerMapping:180 Mapped "{[/quota/del],methods=[GET],params=[],headers=[],consumes=[],produces=[],custom=[]}" onto public com.sunshine.common.http.response.CommonResponse com.sunshine.admin.controller.PolicyAdminController.delQuota(javax.servlet.http.HttpServletRequest,javax.servlet.http.HttpServletResponse,long)
2017-10-08 19:26:20,697 INFO  [main] o.s.w.s.m.m.a.RequestMappingHandlerMapping:180 Mapped "{[/price/saveOrUpdate],methods=[POST],params=[],headers=[],consumes=[],produces=[],custom=[]}" onto public com.sunshine.common.http.response.CommonResponse com.sunshine.admin.controller.PolicyAdminController.saveOrUpdatePrice(javax.servlet.http.HttpServletRequest,javax.servlet.http.HttpServletResponse,com.sunshine.common.vo.PricePolicy)
2017-10-08 19:26:20,697 INFO  [main] o.s.w.s.m.m.a.RequestMappingHandlerMapping:180 Mapped "{[/whitelist/saveOrUpdate],methods=[POST],params=[],headers=[],consumes=[],produces=[],custom=[]}" onto public com.sunshine.common.http.response.CommonResponse com.sunshine.admin.controller.PolicyAdminController.saveOrUpdateWhitelist(javax.servlet.http.HttpServletRequest,javax.servlet.http.HttpServletResponse,com.sunshine.common.vo.WhitelistPolicy)
2017-10-08 19:26:20,698 INFO  [main] o.s.w.s.m.m.a.RequestMappingHandlerMapping:180 Mapped "{[/quota/saveOrUpdate],methods=[POST],params=[],headers=[],consumes=[],produces=[],custom=[]}" onto public com.sunshine.common.http.response.CommonResponse com.sunshine.admin.controller.PolicyAdminController.saveOrUpdateQuota(javax.servlet.http.HttpServletRequest,javax.servlet.http.HttpServletResponse,com.sunshine.common.vo.QuotaPolicy)
2017-10-08 19:26:21,334 INFO  [main] c.m.v.l.MLog:92 MLog clients using log4j logging.
2017-10-08 19:26:21,425 INFO  [main] c.m.v.c.C3P0Registry:216 Initializing c3p0-0.9.2.1 [built 20-March-2013 10:47:27 +0000; debug? true; trace: 10]
2017-10-08 19:26:21,666 INFO  [main] o.h.a.c.Version:37 Hibernate Commons Annotations 3.2.0.Final
2017-10-08 19:26:21,670 INFO  [main] o.h.c.Environment:603 Hibernate 3.6.10.Final
2017-10-08 19:26:21,674 INFO  [main] o.h.c.Environment:636 hibernate.properties not found
2017-10-08 19:26:21,681 INFO  [main] o.h.c.Environment:814 Bytecode provider name : javassist
2017-10-08 19:26:21,684 INFO  [main] o.h.c.Environment:695 using JDK 1.4 java.sql.Timestamp handling
2017-10-08 19:26:21,799 INFO  [main] o.h.c.AnnotationBinder:532 Binding entity from annotated class: com.sunshine.dal.entity.QuotaPolicyEntity
2017-10-08 19:26:21,849 INFO  [main] o.h.c.a.EntityBinder:530 Bind entity com.sunshine.dal.entity.QuotaPolicyEntity on table tb_quota_policy
2017-10-08 19:26:21,899 INFO  [main] o.h.c.AnnotationBinder:532 Binding entity from annotated class: com.sunshine.dal.entity.PricePolicyEntity
2017-10-08 19:26:21,900 INFO  [main] o.h.c.a.EntityBinder:530 Bind entity com.sunshine.dal.entity.PricePolicyEntity on table tb_price_policy
2017-10-08 19:26:21,938 INFO  [main] o.h.c.Configuration:1676 Hibernate Validator not found: ignoring
2017-10-08 19:26:21,942 INFO  [main] o.s.o.h.a.AnnotationSessionFactoryBean:780 Building new Hibernate SessionFactory
2017-10-08 19:26:21,951 INFO  [main] o.h.c.s.HibernateSearchEventListenerRegister:75 Unable to find org.hibernate.search.event.FullTextIndexEventListener on the classpath. Hibernate Search is not enabled.
2017-10-08 19:26:21,956 INFO  [main] o.h.c.ConnectionProviderFactory:173 Initializing connection provider: org.springframework.orm.hibernate3.LocalDataSourceConnectionProvider
2017-10-08 19:26:22,017 INFO  [main] c.m.v.c.i.AbstractPoolBackedDataSource:522 Initializing c3p0 pool... com.mchange.v2.c3p0.ComboPooledDataSource [ acquireIncrement -> 2, acquireRetryAttempts -> 30, acquireRetryDelay -> 1000, autoCommitOnClose -> false, automaticTestTable -> null, breakAfterAcquireFailure -> false, checkoutTimeout -> 200, connectionCustomizerClassName -> null, connectionTesterClassName -> com.mchange.v2.c3p0.impl.DefaultConnectionTester, dataSourceName -> 1hge0yu9q1xuipq95i73dq|5a2ae1ab, debugUnreturnedConnectionStackTraces -> false, description -> null, driverClass -> com.mysql.jdbc.Driver, factoryClassLocation -> null, forceIgnoreUnresolvedTransactions -> false, identityToken -> 1hge0yu9q1xuipq95i73dq|5a2ae1ab, idleConnectionTestPeriod -> 600, initialPoolSize -> 3, jdbcUrl -> jdbc:mysql://localhost:3306/sunshine?useUnicode=true&characterEncoding=utf-8&autoReconnect=true, maxAdministrativeTaskTime -> 0, maxConnectionAge -> 0, maxIdleTime -> 1200, maxIdleTimeExcessConnections -> 0, maxPoolSize -> 64, maxStatements -> 128, maxStatementsPerConnection -> 0, minPoolSize -> 8, numHelperThreads -> 3, preferredTestQuery -> select 1, properties -> {user=******, password=******}, propertyCycle -> 0, statementCacheNumDeferredCloseThreads -> 0, testConnectionOnCheckin -> false, testConnectionOnCheckout -> false, unreturnedConnectionTimeout -> 0, userOverrides -> {}, usesTraditionalReflectiveProxies -> false ]
2017-10-08 19:26:22,260 WARN  [main] o.h.u.JDBCExceptionReporter:233 SQL Error: 0, SQLState: null
2017-10-08 19:26:22,261 ERROR [main] o.h.u.JDBCExceptionReporter:234 An attempt by a client to checkout a Connection has timed out.
2017-10-08 19:26:22,261 WARN  [main] o.h.c.SettingsFactory:147 Could not obtain connection to query metadata
java.sql.SQLException: An attempt by a client to checkout a Connection has timed out.
	at com.mchange.v2.sql.SqlUtils.toSQLException(SqlUtils.java:118)
	at com.mchange.v2.sql.SqlUtils.toSQLException(SqlUtils.java:77)
	at com.mchange.v2.c3p0.impl.C3P0PooledConnectionPool.checkoutPooledConnection(C3P0PooledConnectionPool.java:687)
	at com.mchange.v2.c3p0.impl.AbstractPoolBackedDataSource.getConnection(AbstractPoolBackedDataSource.java:140)
	at org.springframework.orm.hibernate3.LocalDataSourceConnectionProvider.getConnection(LocalDataSourceConnectionProvider.java:83)
	at org.hibernate.cfg.SettingsFactory.buildSettings(SettingsFactory.java:113)
	at org.hibernate.cfg.Configuration.buildSettingsInternal(Configuration.java:2863)
	at org.hibernate.cfg.Configuration.buildSettings(Configuration.java:2859)
	at org.hibernate.cfg.Configuration.buildSessionFactory(Configuration.java:1870)
	at org.springframework.orm.hibernate3.LocalSessionFactoryBean.newSessionFactory(LocalSessionFactoryBean.java:863)
	at org.springframework.orm.hibernate3.LocalSessionFactoryBean.buildSessionFactory(LocalSessionFactoryBean.java:782)
	at org.springframework.orm.hibernate3.AbstractSessionFactoryBean.afterPropertiesSet(AbstractSessionFactoryBean.java:188)
	at org.springframework.beans.factory.support.AbstractAutowireCapableBeanFactory.invokeInitMethods(AbstractAutowireCapableBeanFactory.java:1573)
	at org.springframework.beans.factory.support.AbstractAutowireCapableBeanFactory.initializeBean(AbstractAutowireCapableBeanFactory.java:1511)
	at org.springframework.beans.factory.support.AbstractAutowireCapableBeanFactory.doCreateBean(AbstractAutowireCapableBeanFactory.java:521)
	at org.springframework.beans.factory.support.AbstractAutowireCapableBeanFactory.createBean(AbstractAutowireCapableBeanFactory.java:458)
	at org.springframework.beans.factory.support.AbstractBeanFactory$1.getObject(AbstractBeanFactory.java:293)
	at org.springframework.beans.factory.support.DefaultSingletonBeanRegistry.getSingleton(DefaultSingletonBeanRegistry.java:223)
	at org.springframework.beans.factory.support.AbstractBeanFactory.doGetBean(AbstractBeanFactory.java:290)
	at org.springframework.beans.factory.support.AbstractBeanFactory.getBean(AbstractBeanFactory.java:191)
	at org.springframework.beans.factory.support.DefaultListableBeanFactory.findAutowireCandidates(DefaultListableBeanFactory.java:921)
	at org.springframework.beans.factory.support.DefaultListableBeanFactory.doResolveDependency(DefaultListableBeanFactory.java:864)
	at org.springframework.beans.factory.support.DefaultListableBeanFactory.resolveDependency(DefaultListableBeanFactory.java:779)
	at org.springframework.beans.factory.annotation.AutowiredAnnotationBeanPostProcessor$AutowiredMethodElement.inject(AutowiredAnnotationBeanPostProcessor.java:575)
	at org.springframework.beans.factory.annotation.InjectionMetadata.inject(InjectionMetadata.java:88)
	at org.springframework.beans.factory.annotation.AutowiredAnnotationBeanPostProcessor.postProcessPropertyValues(AutowiredAnnotationBeanPostProcessor.java:295)
	at org.springframework.beans.factory.support.AbstractAutowireCapableBeanFactory.populateBean(AbstractAutowireCapableBeanFactory.java:1148)
	at org.springframework.beans.factory.support.AbstractAutowireCapableBeanFactory.doCreateBean(AbstractAutowireCapableBeanFactory.java:519)
	at org.springframework.beans.factory.support.AbstractAutowireCapableBeanFactory.createBean(AbstractAutowireCapableBeanFactory.java:458)
	at org.springframework.beans.factory.support.AbstractBeanFactory$1.getObject(AbstractBeanFactory.java:293)
	at org.springframework.beans.factory.support.DefaultSingletonBeanRegistry.getSingleton(DefaultSingletonBeanRegistry.java:223)
	at org.springframework.beans.factory.support.AbstractBeanFactory.doGetBean(AbstractBeanFactory.java:290)
	at org.springframework.beans.factory.support.AbstractBeanFactory.getBean(AbstractBeanFactory.java:191)
	at org.springframework.beans.factory.support.DefaultListableBeanFactory.findAutowireCandidates(DefaultListableBeanFactory.java:921)
	at org.springframework.beans.factory.support.DefaultListableBeanFactory.doResolveDependency(DefaultListableBeanFactory.java:864)
	at org.springframework.beans.factory.support.DefaultListableBeanFactory.resolveDependency(DefaultListableBeanFactory.java:779)
	at org.springframework.beans.factory.annotation.AutowiredAnnotationBeanPostProcessor$AutowiredFieldElement.inject(AutowiredAnnotationBeanPostProcessor.java:503)
	at org.springframework.beans.factory.annotation.InjectionMetadata.inject(InjectionMetadata.java:88)
	at org.springframework.beans.factory.annotation.AutowiredAnnotationBeanPostProcessor.postProcessPropertyValues(AutowiredAnnotationBeanPostProcessor.java:295)
	at org.springframework.beans.factory.support.AbstractAutowireCapableBeanFactory.populateBean(AbstractAutowireCapableBeanFactory.java:1148)
	at org.springframework.beans.factory.support.AbstractAutowireCapableBeanFactory.doCreateBean(AbstractAutowireCapableBeanFactory.java:519)
	at org.springframework.beans.factory.support.AbstractAutowireCapableBeanFactory.createBean(AbstractAutowireCapableBeanFactory.java:458)
	at org.springframework.beans.factory.support.AbstractBeanFactory$1.getObject(AbstractBeanFactory.java:293)
	at org.springframework.beans.factory.support.DefaultSingletonBeanRegistry.getSingleton(DefaultSingletonBeanRegistry.java:223)
	at org.springframework.beans.factory.support.AbstractBeanFactory.doGetBean(AbstractBeanFactory.java:290)
	at org.springframework.beans.factory.support.AbstractBeanFactory.getBean(AbstractBeanFactory.java:191)
	at org.springframework.beans.factory.support.DefaultListableBeanFactory.findAutowireCandidates(DefaultListableBeanFactory.java:921)
	at org.springframework.beans.factory.support.DefaultListableBeanFactory.doResolveDependency(DefaultListableBeanFactory.java:864)
	at org.springframework.beans.factory.support.DefaultListableBeanFactory.resolveDependency(DefaultListableBeanFactory.java:779)
	at org.springframework.beans.factory.annotation.AutowiredAnnotationBeanPostProcessor$AutowiredFieldElement.inject(AutowiredAnnotationBeanPostProcessor.java:503)
	at org.springframework.beans.factory.annotation.InjectionMetadata.inject(InjectionMetadata.java:88)
	at org.springframework.beans.factory.annotation.AutowiredAnnotationBeanPostProcessor.postProcessPropertyValues(AutowiredAnnotationBeanPostProcessor.java:295)
	at org.springframework.beans.factory.support.AbstractAutowireCapableBeanFactory.populateBean(AbstractAutowireCapableBeanFactory.java:1148)
	at org.springframework.beans.factory.support.AbstractAutowireCapableBeanFactory.doCreateBean(AbstractAutowireCapableBeanFactory.java:519)
	at org.springframework.beans.factory.support.AbstractAutowireCapableBeanFactory.createBean(AbstractAutowireCapableBeanFactory.java:458)
	at org.springframework.beans.factory.support.AbstractBeanFactory$1.getObject(AbstractBeanFactory.java:293)
	at org.springframework.beans.factory.support.DefaultSingletonBeanRegistry.getSingleton(DefaultSingletonBeanRegistry.java:223)
	at org.springframework.beans.factory.support.AbstractBeanFactory.doGetBean(AbstractBeanFactory.java:290)
	at org.springframework.beans.factory.support.AbstractBeanFactory.getBean(AbstractBeanFactory.java:191)
	at org.springframework.beans.factory.support.DefaultListableBeanFactory.preInstantiateSingletons(DefaultListableBeanFactory.java:636)
	at org.springframework.context.support.AbstractApplicationContext.finishBeanFactoryInitialization(AbstractApplicationContext.java:934)
	at org.springframework.context.support.AbstractApplicationContext.refresh(AbstractApplicationContext.java:479)
	at org.springframework.web.context.ContextLoader.configureAndRefreshWebApplicationContext(ContextLoader.java:410)
	at org.springframework.web.context.ContextLoader.initWebApplicationContext(ContextLoader.java:306)
	at org.springframework.web.context.ContextLoaderListener.contextInitialized(ContextLoaderListener.java:112)
	at org.mortbay.jetty.handler.ContextHandler.startContext(ContextHandler.java:548)
	at org.mortbay.jetty.servlet.Context.startContext(Context.java:136)
	at org.mortbay.jetty.webapp.WebAppContext.startContext(WebAppContext.java:1250)
	at org.mortbay.jetty.handler.ContextHandler.doStart(ContextHandler.java:517)
	at org.mortbay.jetty.webapp.WebAppContext.doStart(WebAppContext.java:467)
	at org.mortbay.jetty.plugin.Jetty6PluginWebAppContext.doStart(Jetty6PluginWebAppContext.java:115)
	at org.mortbay.component.AbstractLifeCycle.start(AbstractLifeCycle.java:50)
	at org.mortbay.jetty.handler.HandlerCollection.doStart(HandlerCollection.java:152)
	at org.mortbay.jetty.handler.ContextHandlerCollection.doStart(ContextHandlerCollection.java:156)
	at org.mortbay.component.AbstractLifeCycle.start(AbstractLifeCycle.java:50)
	at org.mortbay.jetty.handler.HandlerCollection.doStart(HandlerCollection.java:152)
	at org.mortbay.component.AbstractLifeCycle.start(AbstractLifeCycle.java:50)
	at org.mortbay.jetty.handler.HandlerWrapper.doStart(HandlerWrapper.java:130)
	at org.mortbay.jetty.Server.doStart(Server.java:224)
	at org.mortbay.component.AbstractLifeCycle.start(AbstractLifeCycle.java:50)
	at org.mortbay.jetty.plugin.Jetty6PluginServer.start(Jetty6PluginServer.java:132)
	at org.mortbay.jetty.plugin.AbstractJettyMojo.startJetty(AbstractJettyMojo.java:441)
	at org.mortbay.jetty.plugin.AbstractJettyMojo.execute(AbstractJettyMojo.java:383)
	at org.mortbay.jetty.plugin.AbstractJettyRunMojo.execute(AbstractJettyRunMojo.java:210)
	at org.mortbay.jetty.plugin.Jetty6RunMojo.execute(Jetty6RunMojo.java:184)
	at org.apache.maven.plugin.DefaultBuildPluginManager.executeMojo(DefaultBuildPluginManager.java:106)
	at org.apache.maven.lifecycle.internal.MojoExecutor.execute(MojoExecutor.java:208)
	at org.apache.maven.lifecycle.internal.MojoExecutor.execute(MojoExecutor.java:153)
	at org.apache.maven.lifecycle.internal.MojoExecutor.execute(MojoExecutor.java:145)
	at org.apache.maven.lifecycle.internal.LifecycleModuleBuilder.buildProject(LifecycleModuleBuilder.java:84)
	at org.apache.maven.lifecycle.internal.LifecycleModuleBuilder.buildProject(LifecycleModuleBuilder.java:59)
	at org.apache.maven.lifecycle.internal.LifecycleStarter.singleThreadedBuild(LifecycleStarter.java:183)
	at org.apache.maven.lifecycle.internal.LifecycleStarter.execute(LifecycleStarter.java:161)
	at org.apache.maven.DefaultMaven.doExecute(DefaultMaven.java:318)
	at org.apache.maven.DefaultMaven.execute(DefaultMaven.java:153)
	at org.apache.maven.cli.MavenCli.execute(MavenCli.java:555)
	at org.apache.maven.cli.MavenCli.doMain(MavenCli.java:214)
	at org.apache.maven.cli.MavenCli.main(MavenCli.java:158)
	at sun.reflect.NativeMethodAccessorImpl.invoke0(Native Method)
	at sun.reflect.NativeMethodAccessorImpl.invoke(NativeMethodAccessorImpl.java:62)
	at sun.reflect.DelegatingMethodAccessorImpl.invoke(DelegatingMethodAccessorImpl.java:43)
	at java.lang.reflect.Method.invoke(Method.java:498)
	at org.codehaus.plexus.classworlds.launcher.Launcher.launchEnhanced(Launcher.java:290)
	at org.codehaus.plexus.classworlds.launcher.Launcher.launch(Launcher.java:230)
	at org.codehaus.plexus.classworlds.launcher.Launcher.mainWithExitCode(Launcher.java:414)
	at org.codehaus.plexus.classworlds.launcher.Launcher.main(Launcher.java:357)
Caused by: com.mchange.v2.resourcepool.TimeoutException: A client timed out while waiting to acquire a resource from com.mchange.v2.resourcepool.BasicResourcePool@60dcf9ec -- timeout at awaitAvailable()
	at com.mchange.v2.resourcepool.BasicResourcePool.awaitAvailable(BasicResourcePool.java:1416)
	at com.mchange.v2.resourcepool.BasicResourcePool.prelimCheckoutResource(BasicResourcePool.java:606)
	at com.mchange.v2.resourcepool.BasicResourcePool.checkoutResource(BasicResourcePool.java:526)
	at com.mchange.v2.c3p0.impl.C3P0PooledConnectionPool.checkoutAndMarkConnectionInUse(C3P0PooledConnectionPool.java:755)
	at com.mchange.v2.c3p0.impl.C3P0PooledConnectionPool.checkoutPooledConnection(C3P0PooledConnectionPool.java:682)
	... 103 common frames omitted
2017-10-08 19:26:22,291 INFO  [main] o.h.d.Dialect:136 Using dialect: org.hibernate.dialect.MySQL5Dialect
2017-10-08 19:26:22,311 INFO  [main] o.h.e.j.JdbcSupportLoader:70 Disabling contextual LOB creation as connection was null
2017-10-08 19:26:22,315 INFO  [main] o.h.t.TransactionFactoryFactory:65 Transaction strategy: org.springframework.orm.hibernate3.SpringTransactionFactory
2017-10-08 19:26:22,316 INFO  [main] o.h.t.TransactionManagerLookupFactory:83 No TransactionManagerLookup configured (in JTA environment, use of read-write or transactional second-level cache is not recommended)
2017-10-08 19:26:22,316 INFO  [main] o.h.c.SettingsFactory:179 Automatic flush during beforeCompletion(): disabled
2017-10-08 19:26:22,317 INFO  [main] o.h.c.SettingsFactory:183 Automatic session close at end of transaction: disabled
2017-10-08 19:26:22,318 INFO  [main] o.h.c.SettingsFactory:198 Scrollable result sets: disabled
2017-10-08 19:26:22,318 INFO  [main] o.h.c.SettingsFactory:206 JDBC3 getGeneratedKeys(): disabled
2017-10-08 19:26:22,318 INFO  [main] o.h.c.SettingsFactory:214 Connection release mode: auto
2017-10-08 19:26:22,319 INFO  [main] o.h.c.SettingsFactory:238 Maximum outer join fetch depth: 2
2017-10-08 19:26:22,319 INFO  [main] o.h.c.SettingsFactory:241 Default batch fetch size: 1
2017-10-08 19:26:22,320 INFO  [main] o.h.c.SettingsFactory:245 Generate SQL with comments: disabled
2017-10-08 19:26:22,320 INFO  [main] o.h.c.SettingsFactory:249 Order SQL updates by primary key: disabled
2017-10-08 19:26:22,320 INFO  [main] o.h.c.SettingsFactory:253 Order SQL inserts for batching: disabled
2017-10-08 19:26:22,321 INFO  [main] o.h.c.SettingsFactory:431 Query translator: org.hibernate.hql.ast.ASTQueryTranslatorFactory
2017-10-08 19:26:22,350 INFO  [main] o.h.h.a.ASTQueryTranslatorFactory:47 Using ASTQueryTranslatorFactory
2017-10-08 19:26:22,351 INFO  [main] o.h.c.SettingsFactory:261 Query language substitutions: {}
2017-10-08 19:26:22,351 INFO  [main] o.h.c.SettingsFactory:266 JPA-QL strict compliance: disabled
2017-10-08 19:26:22,351 INFO  [main] o.h.c.SettingsFactory:271 Second-level cache: enabled
2017-10-08 19:26:22,352 INFO  [main] o.h.c.SettingsFactory:275 Query cache: disabled
2017-10-08 19:26:22,352 INFO  [main] o.h.c.SettingsFactory:406 Cache region factory : org.hibernate.cache.impl.NoCachingRegionFactory
2017-10-08 19:26:22,354 INFO  [main] o.h.c.SettingsFactory:285 Optimize cache for minimal puts: disabled
2017-10-08 19:26:22,354 INFO  [main] o.h.c.SettingsFactory:294 Structured second-level cache entries: disabled
2017-10-08 19:26:22,362 INFO  [main] o.h.c.SettingsFactory:314 Echoing all SQL to stdout
2017-10-08 19:26:22,363 INFO  [main] o.h.c.SettingsFactory:323 Statistics: disabled
2017-10-08 19:26:22,363 INFO  [main] o.h.c.SettingsFactory:327 Deleted entity synthetic identifier rollback: disabled
2017-10-08 19:26:22,364 INFO  [main] o.h.c.SettingsFactory:343 Default entity-mode: pojo
2017-10-08 19:26:22,364 INFO  [main] o.h.c.SettingsFactory:347 Named query checking : enabled
2017-10-08 19:26:22,365 INFO  [main] o.h.c.SettingsFactory:351 Check Nullability in Core (should be disabled when Bean Validation is on): enabled
2017-10-08 19:26:22,396 INFO  [main] o.h.i.SessionFactoryImpl:202 building session factory
2017-10-08 19:26:22,465 INFO  [main] o.h.t.BasicTypeRegistry:150 Type registration [characters_clob] overrides previous : org.hibernate.type.PrimitiveCharacterArrayClobType@2616b618
2017-10-08 19:26:22,466 INFO  [main] o.h.t.BasicTypeRegistry:150 Type registration [blob] overrides previous : org.hibernate.type.BlobType@489110c2
2017-10-08 19:26:22,466 INFO  [main] o.h.t.BasicTypeRegistry:150 Type registration [java.sql.Blob] overrides previous : org.hibernate.type.BlobType@489110c2
2017-10-08 19:26:22,467 INFO  [main] o.h.t.BasicTypeRegistry:150 Type registration [wrapper_characters_clob] overrides previous : org.hibernate.type.CharacterArrayClobType@4b93dd6a
2017-10-08 19:26:22,468 INFO  [main] o.h.t.BasicTypeRegistry:150 Type registration [materialized_clob] overrides previous : org.hibernate.type.MaterializedClobType@3404e5c4
2017-10-08 19:26:22,468 INFO  [main] o.h.t.BasicTypeRegistry:150 Type registration [materialized_blob] overrides previous : org.hibernate.type.MaterializedBlobType@150fc7a7
2017-10-08 19:26:22,469 INFO  [main] o.h.t.BasicTypeRegistry:150 Type registration [clob] overrides previous : org.hibernate.type.ClobType@5bec3e0
2017-10-08 19:26:22,470 INFO  [main] o.h.t.BasicTypeRegistry:150 Type registration [java.sql.Clob] overrides previous : org.hibernate.type.ClobType@5bec3e0
2017-10-08 19:26:22,471 INFO  [main] o.h.t.BasicTypeRegistry:150 Type registration [wrapper_materialized_blob] overrides previous : org.hibernate.type.WrappedMaterializedBlobType@1c1fa494
2017-10-08 19:26:22,615 INFO  [main] o.h.i.SessionFactoryObjectFactory:105 Not binding factory to JNDI, no JNDI name configured
2017-10-08 19:26:22,619 INFO  [main] o.h.t.h.SchemaUpdate:155 Running hbm2ddl schema update
2017-10-08 19:26:22,619 INFO  [main] o.h.t.h.SchemaUpdate:167 fetching database metadata
2017-10-08 19:26:22,629 INFO  [main] o.h.t.h.SchemaUpdate:179 updating schema
2017-10-08 19:26:22,683 INFO  [main] o.h.t.h.TableMetadata:65 table found: sunshine.tb_price_policy
2017-10-08 19:26:22,684 INFO  [main] o.h.t.h.TableMetadata:66 columns: [carrier, trip_type, agent_id, rate, from_city, gds, spaces, to_city, id, expense, platform, status]
2017-10-08 19:26:22,684 INFO  [main] o.h.t.h.TableMetadata:68 foreign keys: []
2017-10-08 19:26:22,684 INFO  [main] o.h.t.h.TableMetadata:69 indexes: [index_agent_id, index_agent_id_status, primary]
2017-10-08 19:26:22,714 INFO  [main] o.h.t.h.TableMetadata:65 table found: sunshine.tb_quota_policy
2017-10-08 19:26:22,715 INFO  [main] o.h.t.h.TableMetadata:66 columns: [agent_id, surplus, gds, target_branch, id, uplimit, pcc_status, status]
2017-10-08 19:26:22,715 INFO  [main] o.h.t.h.TableMetadata:68 foreign keys: []
2017-10-08 19:26:22,716 INFO  [main] o.h.t.h.TableMetadata:69 indexes: [index_agent_id, index_agent_id_status, primary]
2017-10-08 19:26:22,717 INFO  [main] o.h.t.h.SchemaUpdate:217 schema update complete
2017-10-08 19:26:22,868 INFO  [main] o.s.o.h.HibernateTransactionManager:416 Using DataSource [com.mchange.v2.c3p0.ComboPooledDataSource [ acquireIncrement -> 2, acquireRetryAttempts -> 30, acquireRetryDelay -> 1000, autoCommitOnClose -> false, automaticTestTable -> null, breakAfterAcquireFailure -> false, checkoutTimeout -> 200, connectionCustomizerClassName -> null, connectionTesterClassName -> com.mchange.v2.c3p0.impl.DefaultConnectionTester, dataSourceName -> 1hge0yu9q1xuipq95i73dq|5a2ae1ab, debugUnreturnedConnectionStackTraces -> false, description -> null, driverClass -> com.mysql.jdbc.Driver, factoryClassLocation -> null, forceIgnoreUnresolvedTransactions -> false, identityToken -> 1hge0yu9q1xuipq95i73dq|5a2ae1ab, idleConnectionTestPeriod -> 600, initialPoolSize -> 3, jdbcUrl -> jdbc:mysql://localhost:3306/sunshine?useUnicode=true&characterEncoding=utf-8&autoReconnect=true, maxAdministrativeTaskTime -> 0, maxConnectionAge -> 0, maxIdleTime -> 1200, maxIdleTimeExcessConnections -> 0, maxPoolSize -> 64, maxStatements -> 128, maxStatementsPerConnection -> 0, minPoolSize -> 8, numHelperThreads -> 3, preferredTestQuery -> select 1, properties -> {user=******, password=******}, propertyCycle -> 0, statementCacheNumDeferredCloseThreads -> 0, testConnectionOnCheckin -> false, testConnectionOnCheckout -> false, unreturnedConnectionTimeout -> 0, userOverrides -> {}, usesTraditionalReflectiveProxies -> false ]] of Hibernate SessionFactory for HibernateTransactionManager
2017-10-08 19:26:22,898 INFO  [main] o.s.w.c.ContextLoader:325 Root WebApplicationContext: initialization completed in 3708 ms
2017-10-08 19:26:22,990 INFO  [main] o.s.w.s.DispatcherServlet:457 FrameworkServlet 'restapi': initialization started
2017-10-08 19:26:23,002 INFO  [main] o.s.w.c.s.XmlWebApplicationContext:512 Refreshing WebApplicationContext for namespace 'restapi-servlet': startup date [Sun Oct 08 19:26:23 CST 2017]; parent: Root WebApplicationContext
2017-10-08 19:26:23,004 INFO  [main] o.s.b.f.x.XmlBeanDefinitionReader:316 Loading XML bean definitions from class path resource [spring/mvc-context.xml]
2017-10-08 19:26:23,130 INFO  [main] o.s.b.f.a.AutowiredAnnotationBeanPostProcessor:141 JSR-330 'javax.inject.Inject' annotation found and supported for autowiring
2017-10-08 19:26:23,143 INFO  [main] o.s.b.f.s.DefaultListableBeanFactory:603 Pre-instantiating singletons in org.springframework.beans.factory.support.DefaultListableBeanFactory@71ad959b: defining beans [mvcContentNegotiationManager,org.springframework.web.servlet.mvc.method.annotation.RequestMappingHandlerMapping#0,org.springframework.format.support.FormattingConversionServiceFactoryBean#0,org.springframework.web.servlet.mvc.method.annotation.RequestMappingHandlerAdapter#0,org.springframework.web.servlet.handler.MappedInterceptor#0,org.springframework.web.servlet.mvc.method.annotation.ExceptionHandlerExceptionResolver#0,org.springframework.web.servlet.mvc.annotation.ResponseStatusExceptionResolver#0,org.springframework.web.servlet.mvc.support.DefaultHandlerExceptionResolver#0,org.springframework.web.servlet.handler.BeanNameUrlHandlerMapping,org.springframework.web.servlet.mvc.HttpRequestHandlerAdapter,org.springframework.web.servlet.mvc.SimpleControllerHandlerAdapter,captchaController,policyAdminController,org.springframework.context.annotation.internalConfigurationAnnotationProcessor,org.springframework.context.annotation.internalAutowiredAnnotationProcessor,org.springframework.context.annotation.internalRequiredAnnotationProcessor,org.springframework.context.annotation.internalCommonAnnotationProcessor,org.springframework.context.annotation.internalPersistenceAnnotationProcessor,org.springframework.web.servlet.handler.MappedInterceptor#1,org.springframework.web.servlet.view.InternalResourceViewResolver#0,rest,org.springframework.web.servlet.handler.SimpleMappingExceptionResolver#0,conversionService,org.springframework.context.annotation.ConfigurationClassPostProcessor.importAwareProcessor]; parent: org.springframework.beans.factory.support.DefaultListableBeanFactory@3e33b52e
2017-10-08 19:26:23,173 INFO  [main] o.s.w.s.m.m.a.RequestMappingHandlerMapping:180 Mapped "{[/captcha/verify],methods=[GET],params=[],headers=[],consumes=[],produces=[],custom=[]}" onto public com.sunshine.common.http.response.CommonResponse com.sunshine.admin.controller.CaptchaController.verify(javax.servlet.http.HttpServletRequest,javax.servlet.http.HttpServletResponse,java.lang.String)
2017-10-08 19:26:23,175 INFO  [main] o.s.w.s.m.m.a.RequestMappingHandlerMapping:180 Mapped "{[/captcha/show],methods=[GET],params=[],headers=[],consumes=[],produces=[],custom=[]}" onto public void com.sunshine.admin.controller.CaptchaController.showCaptcha(javax.servlet.http.HttpServletRequest,javax.servlet.http.HttpServletResponse)
2017-10-08 19:26:23,177 INFO  [main] o.s.w.s.m.m.a.RequestMappingHandlerMapping:180 Mapped "{[/price/query],methods=[GET],params=[],headers=[],consumes=[],produces=[],custom=[]}" onto public com.sunshine.common.http.response.CommonResponse com.sunshine.admin.controller.PolicyAdminController.queryPrice(javax.servlet.http.HttpServletRequest,javax.servlet.http.HttpServletResponse,com.sunshine.common.vo.TripType,com.sunshine.common.vo.GDS,com.sunshine.common.vo.Platform,java.lang.String,java.lang.Long,java.lang.String,java.lang.String)
2017-10-08 19:26:23,178 INFO  [main] o.s.w.s.m.m.a.RequestMappingHandlerMapping:180 Mapped "{[/price/del],methods=[GET],params=[],headers=[],consumes=[],produces=[],custom=[]}" onto public com.sunshine.common.http.response.CommonResponse com.sunshine.admin.controller.PolicyAdminController.delPrice(javax.servlet.http.HttpServletRequest,javax.servlet.http.HttpServletResponse,long)
2017-10-08 19:26:23,178 INFO  [main] o.s.w.s.m.m.a.RequestMappingHandlerMapping:180 Mapped "{[/whitelist/query],methods=[GET],params=[],headers=[],consumes=[],produces=[],custom=[]}" onto public com.sunshine.common.http.response.CommonResponse com.sunshine.admin.controller.PolicyAdminController.queryWhitelist(javax.servlet.http.HttpServletRequest,javax.servlet.http.HttpServletResponse,com.sunshine.common.vo.GDS,java.lang.String,java.lang.Long,java.lang.String,java.lang.String)
2017-10-08 19:26:23,180 INFO  [main] o.s.w.s.m.m.a.RequestMappingHandlerMapping:180 Mapped "{[/whitelist/del],methods=[GET],params=[],headers=[],consumes=[],produces=[],custom=[]}" onto public com.sunshine.common.http.response.CommonResponse com.sunshine.admin.controller.PolicyAdminController.delWhitelist(javax.servlet.http.HttpServletRequest,javax.servlet.http.HttpServletResponse,long)
2017-10-08 19:26:23,181 INFO  [main] o.s.w.s.m.m.a.RequestMappingHandlerMapping:180 Mapped "{[/quota/query],methods=[GET],params=[],headers=[],consumes=[],produces=[],custom=[]}" onto public com.sunshine.common.http.response.CommonResponse com.sunshine.admin.controller.PolicyAdminController.queryQuota(javax.servlet.http.HttpServletRequest,javax.servlet.http.HttpServletResponse,java.lang.Integer,com.sunshine.common.vo.GDS,java.lang.Long,java.lang.String)
2017-10-08 19:26:23,182 INFO  [main] o.s.w.s.m.m.a.RequestMappingHandlerMapping:180 Mapped "{[/quota/del],methods=[GET],params=[],headers=[],consumes=[],produces=[],custom=[]}" onto public com.sunshine.common.http.response.CommonResponse com.sunshine.admin.controller.PolicyAdminController.delQuota(javax.servlet.http.HttpServletRequest,javax.servlet.http.HttpServletResponse,long)
2017-10-08 19:26:23,182 INFO  [main] o.s.w.s.m.m.a.RequestMappingHandlerMapping:180 Mapped "{[/price/saveOrUpdate],methods=[POST],params=[],headers=[],consumes=[],produces=[],custom=[]}" onto public com.sunshine.common.http.response.CommonResponse com.sunshine.admin.controller.PolicyAdminController.saveOrUpdatePrice(javax.servlet.http.HttpServletRequest,javax.servlet.http.HttpServletResponse,com.sunshine.common.vo.PricePolicy)
2017-10-08 19:26:23,182 INFO  [main] o.s.w.s.m.m.a.RequestMappingHandlerMapping:180 Mapped "{[/whitelist/saveOrUpdate],methods=[POST],params=[],headers=[],consumes=[],produces=[],custom=[]}" onto public com.sunshine.common.http.response.CommonResponse com.sunshine.admin.controller.PolicyAdminController.saveOrUpdateWhitelist(javax.servlet.http.HttpServletRequest,javax.servlet.http.HttpServletResponse,com.sunshine.common.vo.WhitelistPolicy)
2017-10-08 19:26:23,184 INFO  [main] o.s.w.s.m.m.a.RequestMappingHandlerMapping:180 Mapped "{[/quota/saveOrUpdate],methods=[POST],params=[],headers=[],consumes=[],produces=[],custom=[]}" onto public com.sunshine.common.http.response.CommonResponse com.sunshine.admin.controller.PolicyAdminController.saveOrUpdateQuota(javax.servlet.http.HttpServletRequest,javax.servlet.http.HttpServletResponse,com.sunshine.common.vo.QuotaPolicy)
2017-10-08 19:26:23,321 INFO  [main] o.s.w.s.DispatcherServlet:476 FrameworkServlet 'restapi': initialization completed in 331 ms
2017-10-08 19:26:39,278 WARN  [64989209@qtp-937366737-0] o.h.u.JDBCExceptionReporter:233 SQL Error: 1048, SQLState: 23000
2017-10-08 19:26:39,279 ERROR [64989209@qtp-937366737-0] o.h.u.JDBCExceptionReporter:234 Column 'expense' cannot be null
2017-10-08 19:59:33,833 INFO  [main] o.s.w.c.ContextLoader:285 Root WebApplicationContext: initialization started
2017-10-08 19:59:33,904 INFO  [main] o.s.w.c.s.XmlWebApplicationContext:512 Refreshing Root WebApplicationContext: startup date [Sun Oct 08 19:59:33 CST 2017]; root of context hierarchy
2017-10-08 19:59:33,940 INFO  [main] o.s.b.f.x.XmlBeanDefinitionReader:316 Loading XML bean definitions from class path resource [spring/root-context.xml]
2017-10-08 19:59:34,105 INFO  [main] o.s.b.f.x.XmlBeanDefinitionReader:316 Loading XML bean definitions from class path resource [spring/mvc-context.xml]
2017-10-08 19:59:34,257 INFO  [main] o.s.b.f.x.XmlBeanDefinitionReader:316 Loading XML bean definitions from class path resource [spring/shunt.xml]
2017-10-08 19:59:34,312 INFO  [main] o.s.b.f.x.XmlBeanDefinitionReader:316 Loading XML bean definitions from class path resource [spring/datasource-context.xml]
2017-10-08 19:59:34,753 INFO  [main] o.s.b.f.c.PropertyPlaceholderConfigurer:172 Loading properties file from class path resource [jdbc.properties]
2017-10-08 19:59:34,764 INFO  [main] o.s.b.f.a.AutowiredAnnotationBeanPostProcessor:141 JSR-330 'javax.inject.Inject' annotation found and supported for autowiring
2017-10-08 19:59:34,893 INFO  [main] o.s.b.f.s.DefaultListableBeanFactory:603 Pre-instantiating singletons in org.springframework.beans.factory.support.DefaultListableBeanFactory@5fcd1f0a: defining beans [org.springframework.context.annotation.internalConfigurationAnnotationProcessor,org.springframework.context.annotation.internalAutowiredAnnotationProcessor,org.springframework.context.annotation.internalRequiredAnnotationProcessor,org.springframework.context.annotation.internalCommonAnnotationProcessor,org.springframework.context.annotation.internalPersistenceAnnotationProcessor,org.springframework.beans.factory.config.PropertyPlaceholderConfigurer#0,mvcContentNegotiationManager,org.springframework.web.servlet.mvc.method.annotation.RequestMappingHandlerMapping#0,org.springframework.format.support.FormattingConversionServiceFactoryBean#0,org.springframework.web.servlet.mvc.method.annotation.RequestMappingHandlerAdapter#0,org.springframework.web.servlet.handler.MappedInterceptor#0,org.springframework.web.servlet.mvc.method.annotation.ExceptionHandlerExceptionResolver#0,org.springframework.web.servlet.mvc.annotation.ResponseStatusExceptionResolver#0,org.springframework.web.servlet.mvc.support.DefaultHandlerExceptionResolver#0,org.springframework.web.servlet.handler.BeanNameUrlHandlerMapping,org.springframework.web.servlet.mvc.HttpRequestHandlerAdapter,org.springframework.web.servlet.mvc.SimpleControllerHandlerAdapter,captchaController,policyAdminController,org.springframework.web.servlet.handler.MappedInterceptor#1,org.springframework.web.servlet.view.InternalResourceViewResolver#0,rest,org.springframework.web.servlet.handler.SimpleMappingExceptionResolver#0,conversionService,policyServiceImpl,userServiceImpl,dataSource,sessionFactory,org.springframework.aop.config.internalAutoProxyCreator,org.springframework.transaction.annotation.AnnotationTransactionAttributeSource#0,org.springframework.transaction.interceptor.TransactionInterceptor#0,org.springframework.transaction.config.internalTransactionAdvisor,transactionManager,pricePolicyDaoImpl,quotaPolicyDaoImpl,whitelistPolicyDaoImpl,org.springframework.context.annotation.ConfigurationClassPostProcessor.importAwareProcessor]; root of factory hierarchy
2017-10-08 19:59:35,037 INFO  [main] o.s.w.s.m.m.a.RequestMappingHandlerMapping:180 Mapped "{[/captcha/verify],methods=[GET],params=[],headers=[],consumes=[],produces=[],custom=[]}" onto public com.sunshine.common.http.response.CommonResponse com.sunshine.admin.controller.CaptchaController.verify(javax.servlet.http.HttpServletRequest,javax.servlet.http.HttpServletResponse,java.lang.String)
2017-10-08 19:59:35,038 INFO  [main] o.s.w.s.m.m.a.RequestMappingHandlerMapping:180 Mapped "{[/captcha/show],methods=[GET],params=[],headers=[],consumes=[],produces=[],custom=[]}" onto public void com.sunshine.admin.controller.CaptchaController.showCaptcha(javax.servlet.http.HttpServletRequest,javax.servlet.http.HttpServletResponse)
2017-10-08 19:59:35,047 INFO  [main] o.s.w.s.m.m.a.RequestMappingHandlerMapping:180 Mapped "{[/price/saveOrUpdate],methods=[POST],params=[],headers=[],consumes=[],produces=[],custom=[]}" onto public com.sunshine.common.http.response.CommonResponse com.sunshine.admin.controller.PolicyAdminController.saveOrUpdatePrice(javax.servlet.http.HttpServletRequest,javax.servlet.http.HttpServletResponse,com.sunshine.common.vo.PricePolicy)
2017-10-08 19:59:35,047 INFO  [main] o.s.w.s.m.m.a.RequestMappingHandlerMapping:180 Mapped "{[/whitelist/saveOrUpdate],methods=[POST],params=[],headers=[],consumes=[],produces=[],custom=[]}" onto public com.sunshine.common.http.response.CommonResponse com.sunshine.admin.controller.PolicyAdminController.saveOrUpdateWhitelist(javax.servlet.http.HttpServletRequest,javax.servlet.http.HttpServletResponse,com.sunshine.common.vo.WhitelistPolicy)
2017-10-08 19:59:35,053 INFO  [main] o.s.w.s.m.m.a.RequestMappingHandlerMapping:180 Mapped "{[/quota/saveOrUpdate],methods=[POST],params=[],headers=[],consumes=[],produces=[],custom=[]}" onto public com.sunshine.common.http.response.CommonResponse com.sunshine.admin.controller.PolicyAdminController.saveOrUpdateQuota(javax.servlet.http.HttpServletRequest,javax.servlet.http.HttpServletResponse,com.sunshine.common.vo.QuotaPolicy)
2017-10-08 19:59:35,053 INFO  [main] o.s.w.s.m.m.a.RequestMappingHandlerMapping:180 Mapped "{[/price/query],methods=[GET],params=[],headers=[],consumes=[],produces=[],custom=[]}" onto public com.sunshine.common.http.response.CommonResponse com.sunshine.admin.controller.PolicyAdminController.queryPrice(javax.servlet.http.HttpServletRequest,javax.servlet.http.HttpServletResponse,com.sunshine.common.vo.TripType,com.sunshine.common.vo.GDS,com.sunshine.common.vo.Platform,java.lang.String,java.lang.Long,java.lang.String,java.lang.String)
2017-10-08 19:59:35,054 INFO  [main] o.s.w.s.m.m.a.RequestMappingHandlerMapping:180 Mapped "{[/price/del],methods=[GET],params=[],headers=[],consumes=[],produces=[],custom=[]}" onto public com.sunshine.common.http.response.CommonResponse com.sunshine.admin.controller.PolicyAdminController.delPrice(javax.servlet.http.HttpServletRequest,javax.servlet.http.HttpServletResponse,long)
2017-10-08 19:59:35,065 INFO  [main] o.s.w.s.m.m.a.RequestMappingHandlerMapping:180 Mapped "{[/whitelist/query],methods=[GET],params=[],headers=[],consumes=[],produces=[],custom=[]}" onto public com.sunshine.common.http.response.CommonResponse com.sunshine.admin.controller.PolicyAdminController.queryWhitelist(javax.servlet.http.HttpServletRequest,javax.servlet.http.HttpServletResponse,com.sunshine.common.vo.GDS,java.lang.String,java.lang.Long,java.lang.String,java.lang.String)
2017-10-08 19:59:35,066 INFO  [main] o.s.w.s.m.m.a.RequestMappingHandlerMapping:180 Mapped "{[/whitelist/del],methods=[GET],params=[],headers=[],consumes=[],produces=[],custom=[]}" onto public com.sunshine.common.http.response.CommonResponse com.sunshine.admin.controller.PolicyAdminController.delWhitelist(javax.servlet.http.HttpServletRequest,javax.servlet.http.HttpServletResponse,long)
2017-10-08 19:59:35,066 INFO  [main] o.s.w.s.m.m.a.RequestMappingHandlerMapping:180 Mapped "{[/quota/query],methods=[GET],params=[],headers=[],consumes=[],produces=[],custom=[]}" onto public com.sunshine.common.http.response.CommonResponse com.sunshine.admin.controller.PolicyAdminController.queryQuota(javax.servlet.http.HttpServletRequest,javax.servlet.http.HttpServletResponse,java.lang.Integer,com.sunshine.common.vo.GDS,java.lang.Long,java.lang.String)
2017-10-08 19:59:35,067 INFO  [main] o.s.w.s.m.m.a.RequestMappingHandlerMapping:180 Mapped "{[/quota/del],methods=[GET],params=[],headers=[],consumes=[],produces=[],custom=[]}" onto public com.sunshine.common.http.response.CommonResponse com.sunshine.admin.controller.PolicyAdminController.delQuota(javax.servlet.http.HttpServletRequest,javax.servlet.http.HttpServletResponse,long)
2017-10-08 19:59:35,639 INFO  [main] c.m.v.l.MLog:92 MLog clients using log4j logging.
2017-10-08 19:59:35,717 INFO  [main] c.m.v.c.C3P0Registry:216 Initializing c3p0-0.9.2.1 [built 20-March-2013 10:47:27 +0000; debug? true; trace: 10]
2017-10-08 19:59:35,914 INFO  [main] o.h.a.c.Version:37 Hibernate Commons Annotations 3.2.0.Final
2017-10-08 19:59:35,920 INFO  [main] o.h.c.Environment:603 Hibernate 3.6.10.Final
2017-10-08 19:59:35,923 INFO  [main] o.h.c.Environment:636 hibernate.properties not found
2017-10-08 19:59:35,927 INFO  [main] o.h.c.Environment:814 Bytecode provider name : javassist
2017-10-08 19:59:35,930 INFO  [main] o.h.c.Environment:695 using JDK 1.4 java.sql.Timestamp handling
2017-10-08 19:59:36,041 INFO  [main] o.h.c.AnnotationBinder:532 Binding entity from annotated class: com.sunshine.dal.entity.QuotaPolicyEntity
2017-10-08 19:59:36,077 INFO  [main] o.h.c.a.EntityBinder:530 Bind entity com.sunshine.dal.entity.QuotaPolicyEntity on table tb_quota_policy
2017-10-08 19:59:36,129 INFO  [main] o.h.c.AnnotationBinder:532 Binding entity from annotated class: com.sunshine.dal.entity.PricePolicyEntity
2017-10-08 19:59:36,130 INFO  [main] o.h.c.a.EntityBinder:530 Bind entity com.sunshine.dal.entity.PricePolicyEntity on table tb_price_policy
2017-10-08 19:59:36,155 INFO  [main] o.h.c.AnnotationBinder:532 Binding entity from annotated class: com.sunshine.dal.entity.WhitelistPolicyEntity
2017-10-08 19:59:36,158 INFO  [main] o.h.c.a.EntityBinder:530 Bind entity com.sunshine.dal.entity.WhitelistPolicyEntity on table tb_whitelist_policy
2017-10-08 19:59:36,198 INFO  [main] o.h.c.Configuration:1676 Hibernate Validator not found: ignoring
2017-10-08 19:59:36,201 INFO  [main] o.s.o.h.a.AnnotationSessionFactoryBean:780 Building new Hibernate SessionFactory
2017-10-08 19:59:36,211 INFO  [main] o.h.c.s.HibernateSearchEventListenerRegister:75 Unable to find org.hibernate.search.event.FullTextIndexEventListener on the classpath. Hibernate Search is not enabled.
2017-10-08 19:59:36,219 INFO  [main] o.h.c.ConnectionProviderFactory:173 Initializing connection provider: org.springframework.orm.hibernate3.LocalDataSourceConnectionProvider
2017-10-08 19:59:36,272 INFO  [main] c.m.v.c.i.AbstractPoolBackedDataSource:522 Initializing c3p0 pool... com.mchange.v2.c3p0.ComboPooledDataSource [ acquireIncrement -> 2, acquireRetryAttempts -> 30, acquireRetryDelay -> 1000, autoCommitOnClose -> false, automaticTestTable -> null, breakAfterAcquireFailure -> false, checkoutTimeout -> 200, connectionCustomizerClassName -> null, connectionTesterClassName -> com.mchange.v2.c3p0.impl.DefaultConnectionTester, dataSourceName -> 1hge0yu9q1xvpgjc97gmd4|740b9a50, debugUnreturnedConnectionStackTraces -> false, description -> null, driverClass -> com.mysql.jdbc.Driver, factoryClassLocation -> null, forceIgnoreUnresolvedTransactions -> false, identityToken -> 1hge0yu9q1xvpgjc97gmd4|740b9a50, idleConnectionTestPeriod -> 600, initialPoolSize -> 3, jdbcUrl -> jdbc:mysql://localhost:3306/sunshine?useUnicode=true&characterEncoding=utf-8&autoReconnect=true, maxAdministrativeTaskTime -> 0, maxConnectionAge -> 0, maxIdleTime -> 1200, maxIdleTimeExcessConnections -> 0, maxPoolSize -> 64, maxStatements -> 128, maxStatementsPerConnection -> 0, minPoolSize -> 8, numHelperThreads -> 3, preferredTestQuery -> select 1, properties -> {user=******, password=******}, propertyCycle -> 0, statementCacheNumDeferredCloseThreads -> 0, testConnectionOnCheckin -> false, testConnectionOnCheckout -> false, unreturnedConnectionTimeout -> 0, userOverrides -> {}, usesTraditionalReflectiveProxies -> false ]
2017-10-08 19:59:36,524 WARN  [main] o.h.u.JDBCExceptionReporter:233 SQL Error: 0, SQLState: null
2017-10-08 19:59:36,525 ERROR [main] o.h.u.JDBCExceptionReporter:234 An attempt by a client to checkout a Connection has timed out.
2017-10-08 19:59:36,527 WARN  [main] o.h.c.SettingsFactory:147 Could not obtain connection to query metadata
java.sql.SQLException: An attempt by a client to checkout a Connection has timed out.
	at com.mchange.v2.sql.SqlUtils.toSQLException(SqlUtils.java:118)
	at com.mchange.v2.sql.SqlUtils.toSQLException(SqlUtils.java:77)
	at com.mchange.v2.c3p0.impl.C3P0PooledConnectionPool.checkoutPooledConnection(C3P0PooledConnectionPool.java:687)
	at com.mchange.v2.c3p0.impl.AbstractPoolBackedDataSource.getConnection(AbstractPoolBackedDataSource.java:140)
	at org.springframework.orm.hibernate3.LocalDataSourceConnectionProvider.getConnection(LocalDataSourceConnectionProvider.java:83)
	at org.hibernate.cfg.SettingsFactory.buildSettings(SettingsFactory.java:113)
	at org.hibernate.cfg.Configuration.buildSettingsInternal(Configuration.java:2863)
	at org.hibernate.cfg.Configuration.buildSettings(Configuration.java:2859)
	at org.hibernate.cfg.Configuration.buildSessionFactory(Configuration.java:1870)
	at org.springframework.orm.hibernate3.LocalSessionFactoryBean.newSessionFactory(LocalSessionFactoryBean.java:863)
	at org.springframework.orm.hibernate3.LocalSessionFactoryBean.buildSessionFactory(LocalSessionFactoryBean.java:782)
	at org.springframework.orm.hibernate3.AbstractSessionFactoryBean.afterPropertiesSet(AbstractSessionFactoryBean.java:188)
	at org.springframework.beans.factory.support.AbstractAutowireCapableBeanFactory.invokeInitMethods(AbstractAutowireCapableBeanFactory.java:1573)
	at org.springframework.beans.factory.support.AbstractAutowireCapableBeanFactory.initializeBean(AbstractAutowireCapableBeanFactory.java:1511)
	at org.springframework.beans.factory.support.AbstractAutowireCapableBeanFactory.doCreateBean(AbstractAutowireCapableBeanFactory.java:521)
	at org.springframework.beans.factory.support.AbstractAutowireCapableBeanFactory.createBean(AbstractAutowireCapableBeanFactory.java:458)
	at org.springframework.beans.factory.support.AbstractBeanFactory$1.getObject(AbstractBeanFactory.java:293)
	at org.springframework.beans.factory.support.DefaultSingletonBeanRegistry.getSingleton(DefaultSingletonBeanRegistry.java:223)
	at org.springframework.beans.factory.support.AbstractBeanFactory.doGetBean(AbstractBeanFactory.java:290)
	at org.springframework.beans.factory.support.AbstractBeanFactory.getBean(AbstractBeanFactory.java:191)
	at org.springframework.beans.factory.support.DefaultListableBeanFactory.findAutowireCandidates(DefaultListableBeanFactory.java:921)
	at org.springframework.beans.factory.support.DefaultListableBeanFactory.doResolveDependency(DefaultListableBeanFactory.java:864)
	at org.springframework.beans.factory.support.DefaultListableBeanFactory.resolveDependency(DefaultListableBeanFactory.java:779)
	at org.springframework.beans.factory.annotation.AutowiredAnnotationBeanPostProcessor$AutowiredMethodElement.inject(AutowiredAnnotationBeanPostProcessor.java:575)
	at org.springframework.beans.factory.annotation.InjectionMetadata.inject(InjectionMetadata.java:88)
	at org.springframework.beans.factory.annotation.AutowiredAnnotationBeanPostProcessor.postProcessPropertyValues(AutowiredAnnotationBeanPostProcessor.java:295)
	at org.springframework.beans.factory.support.AbstractAutowireCapableBeanFactory.populateBean(AbstractAutowireCapableBeanFactory.java:1148)
	at org.springframework.beans.factory.support.AbstractAutowireCapableBeanFactory.doCreateBean(AbstractAutowireCapableBeanFactory.java:519)
	at org.springframework.beans.factory.support.AbstractAutowireCapableBeanFactory.createBean(AbstractAutowireCapableBeanFactory.java:458)
	at org.springframework.beans.factory.support.AbstractBeanFactory$1.getObject(AbstractBeanFactory.java:293)
	at org.springframework.beans.factory.support.DefaultSingletonBeanRegistry.getSingleton(DefaultSingletonBeanRegistry.java:223)
	at org.springframework.beans.factory.support.AbstractBeanFactory.doGetBean(AbstractBeanFactory.java:290)
	at org.springframework.beans.factory.support.AbstractBeanFactory.getBean(AbstractBeanFactory.java:191)
	at org.springframework.beans.factory.support.DefaultListableBeanFactory.findAutowireCandidates(DefaultListableBeanFactory.java:921)
	at org.springframework.beans.factory.support.DefaultListableBeanFactory.doResolveDependency(DefaultListableBeanFactory.java:864)
	at org.springframework.beans.factory.support.DefaultListableBeanFactory.resolveDependency(DefaultListableBeanFactory.java:779)
	at org.springframework.beans.factory.annotation.AutowiredAnnotationBeanPostProcessor$AutowiredFieldElement.inject(AutowiredAnnotationBeanPostProcessor.java:503)
	at org.springframework.beans.factory.annotation.InjectionMetadata.inject(InjectionMetadata.java:88)
	at org.springframework.beans.factory.annotation.AutowiredAnnotationBeanPostProcessor.postProcessPropertyValues(AutowiredAnnotationBeanPostProcessor.java:295)
	at org.springframework.beans.factory.support.AbstractAutowireCapableBeanFactory.populateBean(AbstractAutowireCapableBeanFactory.java:1148)
	at org.springframework.beans.factory.support.AbstractAutowireCapableBeanFactory.doCreateBean(AbstractAutowireCapableBeanFactory.java:519)
	at org.springframework.beans.factory.support.AbstractAutowireCapableBeanFactory.createBean(AbstractAutowireCapableBeanFactory.java:458)
	at org.springframework.beans.factory.support.AbstractBeanFactory$1.getObject(AbstractBeanFactory.java:293)
	at org.springframework.beans.factory.support.DefaultSingletonBeanRegistry.getSingleton(DefaultSingletonBeanRegistry.java:223)
	at org.springframework.beans.factory.support.AbstractBeanFactory.doGetBean(AbstractBeanFactory.java:290)
	at org.springframework.beans.factory.support.AbstractBeanFactory.getBean(AbstractBeanFactory.java:191)
	at org.springframework.beans.factory.support.DefaultListableBeanFactory.findAutowireCandidates(DefaultListableBeanFactory.java:921)
	at org.springframework.beans.factory.support.DefaultListableBeanFactory.doResolveDependency(DefaultListableBeanFactory.java:864)
	at org.springframework.beans.factory.support.DefaultListableBeanFactory.resolveDependency(DefaultListableBeanFactory.java:779)
	at org.springframework.beans.factory.annotation.AutowiredAnnotationBeanPostProcessor$AutowiredFieldElement.inject(AutowiredAnnotationBeanPostProcessor.java:503)
	at org.springframework.beans.factory.annotation.InjectionMetadata.inject(InjectionMetadata.java:88)
	at org.springframework.beans.factory.annotation.AutowiredAnnotationBeanPostProcessor.postProcessPropertyValues(AutowiredAnnotationBeanPostProcessor.java:295)
	at org.springframework.beans.factory.support.AbstractAutowireCapableBeanFactory.populateBean(AbstractAutowireCapableBeanFactory.java:1148)
	at org.springframework.beans.factory.support.AbstractAutowireCapableBeanFactory.doCreateBean(AbstractAutowireCapableBeanFactory.java:519)
	at org.springframework.beans.factory.support.AbstractAutowireCapableBeanFactory.createBean(AbstractAutowireCapableBeanFactory.java:458)
	at org.springframework.beans.factory.support.AbstractBeanFactory$1.getObject(AbstractBeanFactory.java:293)
	at org.springframework.beans.factory.support.DefaultSingletonBeanRegistry.getSingleton(DefaultSingletonBeanRegistry.java:223)
	at org.springframework.beans.factory.support.AbstractBeanFactory.doGetBean(AbstractBeanFactory.java:290)
	at org.springframework.beans.factory.support.AbstractBeanFactory.getBean(AbstractBeanFactory.java:191)
	at org.springframework.beans.factory.support.DefaultListableBeanFactory.preInstantiateSingletons(DefaultListableBeanFactory.java:636)
	at org.springframework.context.support.AbstractApplicationContext.finishBeanFactoryInitialization(AbstractApplicationContext.java:934)
	at org.springframework.context.support.AbstractApplicationContext.refresh(AbstractApplicationContext.java:479)
	at org.springframework.web.context.ContextLoader.configureAndRefreshWebApplicationContext(ContextLoader.java:410)
	at org.springframework.web.context.ContextLoader.initWebApplicationContext(ContextLoader.java:306)
	at org.springframework.web.context.ContextLoaderListener.contextInitialized(ContextLoaderListener.java:112)
	at org.mortbay.jetty.handler.ContextHandler.startContext(ContextHandler.java:548)
	at org.mortbay.jetty.servlet.Context.startContext(Context.java:136)
	at org.mortbay.jetty.webapp.WebAppContext.startContext(WebAppContext.java:1250)
	at org.mortbay.jetty.handler.ContextHandler.doStart(ContextHandler.java:517)
	at org.mortbay.jetty.webapp.WebAppContext.doStart(WebAppContext.java:467)
	at org.mortbay.jetty.plugin.Jetty6PluginWebAppContext.doStart(Jetty6PluginWebAppContext.java:115)
	at org.mortbay.component.AbstractLifeCycle.start(AbstractLifeCycle.java:50)
	at org.mortbay.jetty.handler.HandlerCollection.doStart(HandlerCollection.java:152)
	at org.mortbay.jetty.handler.ContextHandlerCollection.doStart(ContextHandlerCollection.java:156)
	at org.mortbay.component.AbstractLifeCycle.start(AbstractLifeCycle.java:50)
	at org.mortbay.jetty.handler.HandlerCollection.doStart(HandlerCollection.java:152)
	at org.mortbay.component.AbstractLifeCycle.start(AbstractLifeCycle.java:50)
	at org.mortbay.jetty.handler.HandlerWrapper.doStart(HandlerWrapper.java:130)
	at org.mortbay.jetty.Server.doStart(Server.java:224)
	at org.mortbay.component.AbstractLifeCycle.start(AbstractLifeCycle.java:50)
	at org.mortbay.jetty.plugin.Jetty6PluginServer.start(Jetty6PluginServer.java:132)
	at org.mortbay.jetty.plugin.AbstractJettyMojo.startJetty(AbstractJettyMojo.java:441)
	at org.mortbay.jetty.plugin.AbstractJettyMojo.execute(AbstractJettyMojo.java:383)
	at org.mortbay.jetty.plugin.AbstractJettyRunMojo.execute(AbstractJettyRunMojo.java:210)
	at org.mortbay.jetty.plugin.Jetty6RunMojo.execute(Jetty6RunMojo.java:184)
	at org.apache.maven.plugin.DefaultBuildPluginManager.executeMojo(DefaultBuildPluginManager.java:106)
	at org.apache.maven.lifecycle.internal.MojoExecutor.execute(MojoExecutor.java:208)
	at org.apache.maven.lifecycle.internal.MojoExecutor.execute(MojoExecutor.java:153)
	at org.apache.maven.lifecycle.internal.MojoExecutor.execute(MojoExecutor.java:145)
	at org.apache.maven.lifecycle.internal.LifecycleModuleBuilder.buildProject(LifecycleModuleBuilder.java:84)
	at org.apache.maven.lifecycle.internal.LifecycleModuleBuilder.buildProject(LifecycleModuleBuilder.java:59)
	at org.apache.maven.lifecycle.internal.LifecycleStarter.singleThreadedBuild(LifecycleStarter.java:183)
	at org.apache.maven.lifecycle.internal.LifecycleStarter.execute(LifecycleStarter.java:161)
	at org.apache.maven.DefaultMaven.doExecute(DefaultMaven.java:318)
	at org.apache.maven.DefaultMaven.execute(DefaultMaven.java:153)
	at org.apache.maven.cli.MavenCli.execute(MavenCli.java:555)
	at org.apache.maven.cli.MavenCli.doMain(MavenCli.java:214)
	at org.apache.maven.cli.MavenCli.main(MavenCli.java:158)
	at sun.reflect.NativeMethodAccessorImpl.invoke0(Native Method)
	at sun.reflect.NativeMethodAccessorImpl.invoke(NativeMethodAccessorImpl.java:62)
	at sun.reflect.DelegatingMethodAccessorImpl.invoke(DelegatingMethodAccessorImpl.java:43)
	at java.lang.reflect.Method.invoke(Method.java:498)
	at org.codehaus.plexus.classworlds.launcher.Launcher.launchEnhanced(Launcher.java:290)
	at org.codehaus.plexus.classworlds.launcher.Launcher.launch(Launcher.java:230)
	at org.codehaus.plexus.classworlds.launcher.Launcher.mainWithExitCode(Launcher.java:414)
	at org.codehaus.plexus.classworlds.launcher.Launcher.main(Launcher.java:357)
Caused by: com.mchange.v2.resourcepool.TimeoutException: A client timed out while waiting to acquire a resource from com.mchange.v2.resourcepool.BasicResourcePool@6def0632 -- timeout at awaitAvailable()
	at com.mchange.v2.resourcepool.BasicResourcePool.awaitAvailable(BasicResourcePool.java:1416)
	at com.mchange.v2.resourcepool.BasicResourcePool.prelimCheckoutResource(BasicResourcePool.java:606)
	at com.mchange.v2.resourcepool.BasicResourcePool.checkoutResource(BasicResourcePool.java:526)
	at com.mchange.v2.c3p0.impl.C3P0PooledConnectionPool.checkoutAndMarkConnectionInUse(C3P0PooledConnectionPool.java:755)
	at com.mchange.v2.c3p0.impl.C3P0PooledConnectionPool.checkoutPooledConnection(C3P0PooledConnectionPool.java:682)
	... 103 common frames omitted
2017-10-08 19:59:36,548 INFO  [main] o.h.d.Dialect:136 Using dialect: org.hibernate.dialect.MySQL5Dialect
2017-10-08 19:59:36,554 INFO  [main] o.h.e.j.JdbcSupportLoader:70 Disabling contextual LOB creation as connection was null
2017-10-08 19:59:36,555 INFO  [main] o.h.t.TransactionFactoryFactory:65 Transaction strategy: org.springframework.orm.hibernate3.SpringTransactionFactory
2017-10-08 19:59:36,556 INFO  [main] o.h.t.TransactionManagerLookupFactory:83 No TransactionManagerLookup configured (in JTA environment, use of read-write or transactional second-level cache is not recommended)
2017-10-08 19:59:36,557 INFO  [main] o.h.c.SettingsFactory:179 Automatic flush during beforeCompletion(): disabled
2017-10-08 19:59:36,557 INFO  [main] o.h.c.SettingsFactory:183 Automatic session close at end of transaction: disabled
2017-10-08 19:59:36,558 INFO  [main] o.h.c.SettingsFactory:198 Scrollable result sets: disabled
2017-10-08 19:59:36,560 INFO  [main] o.h.c.SettingsFactory:206 JDBC3 getGeneratedKeys(): disabled
2017-10-08 19:59:36,561 INFO  [main] o.h.c.SettingsFactory:214 Connection release mode: auto
2017-10-08 19:59:36,562 INFO  [main] o.h.c.SettingsFactory:238 Maximum outer join fetch depth: 2
2017-10-08 19:59:36,562 INFO  [main] o.h.c.SettingsFactory:241 Default batch fetch size: 1
2017-10-08 19:59:36,562 INFO  [main] o.h.c.SettingsFactory:245 Generate SQL with comments: disabled
2017-10-08 19:59:36,562 INFO  [main] o.h.c.SettingsFactory:249 Order SQL updates by primary key: disabled
2017-10-08 19:59:36,563 INFO  [main] o.h.c.SettingsFactory:253 Order SQL inserts for batching: disabled
2017-10-08 19:59:36,563 INFO  [main] o.h.c.SettingsFactory:431 Query translator: org.hibernate.hql.ast.ASTQueryTranslatorFactory
2017-10-08 19:59:36,564 INFO  [main] o.h.h.a.ASTQueryTranslatorFactory:47 Using ASTQueryTranslatorFactory
2017-10-08 19:59:36,564 INFO  [main] o.h.c.SettingsFactory:261 Query language substitutions: {}
2017-10-08 19:59:36,565 INFO  [main] o.h.c.SettingsFactory:266 JPA-QL strict compliance: disabled
2017-10-08 19:59:36,565 INFO  [main] o.h.c.SettingsFactory:271 Second-level cache: enabled
2017-10-08 19:59:36,565 INFO  [main] o.h.c.SettingsFactory:275 Query cache: disabled
2017-10-08 19:59:36,566 INFO  [main] o.h.c.SettingsFactory:406 Cache region factory : org.hibernate.cache.impl.NoCachingRegionFactory
2017-10-08 19:59:36,569 INFO  [main] o.h.c.SettingsFactory:285 Optimize cache for minimal puts: disabled
2017-10-08 19:59:36,569 INFO  [main] o.h.c.SettingsFactory:294 Structured second-level cache entries: disabled
2017-10-08 19:59:36,575 INFO  [main] o.h.c.SettingsFactory:314 Echoing all SQL to stdout
2017-10-08 19:59:36,577 INFO  [main] o.h.c.SettingsFactory:323 Statistics: disabled
2017-10-08 19:59:36,578 INFO  [main] o.h.c.SettingsFactory:327 Deleted entity synthetic identifier rollback: disabled
2017-10-08 19:59:36,578 INFO  [main] o.h.c.SettingsFactory:343 Default entity-mode: pojo
2017-10-08 19:59:36,578 INFO  [main] o.h.c.SettingsFactory:347 Named query checking : enabled
2017-10-08 19:59:36,578 INFO  [main] o.h.c.SettingsFactory:351 Check Nullability in Core (should be disabled when Bean Validation is on): enabled
2017-10-08 19:59:36,613 INFO  [main] o.h.i.SessionFactoryImpl:202 building session factory
2017-10-08 19:59:36,676 INFO  [main] o.h.t.BasicTypeRegistry:150 Type registration [clob] overrides previous : org.hibernate.type.ClobType@1c1fa494
2017-10-08 19:59:36,678 INFO  [main] o.h.t.BasicTypeRegistry:150 Type registration [java.sql.Clob] overrides previous : org.hibernate.type.ClobType@1c1fa494
2017-10-08 19:59:36,679 INFO  [main] o.h.t.BasicTypeRegistry:150 Type registration [blob] overrides previous : org.hibernate.type.BlobType@5b066c33
2017-10-08 19:59:36,680 INFO  [main] o.h.t.BasicTypeRegistry:150 Type registration [java.sql.Blob] overrides previous : org.hibernate.type.BlobType@5b066c33
2017-10-08 19:59:36,681 INFO  [main] o.h.t.BasicTypeRegistry:150 Type registration [characters_clob] overrides previous : org.hibernate.type.PrimitiveCharacterArrayClobType@2315052d
2017-10-08 19:59:36,682 INFO  [main] o.h.t.BasicTypeRegistry:150 Type registration [materialized_clob] overrides previous : org.hibernate.type.MaterializedClobType@7a3f08b6
2017-10-08 19:59:36,684 INFO  [main] o.h.t.BasicTypeRegistry:150 Type registration [wrapper_materialized_blob] overrides previous : org.hibernate.type.WrappedMaterializedBlobType@6d874695
2017-10-08 19:59:36,687 INFO  [main] o.h.t.BasicTypeRegistry:150 Type registration [materialized_blob] overrides previous : org.hibernate.type.MaterializedBlobType@2f8c4fae
2017-10-08 19:59:36,690 INFO  [main] o.h.t.BasicTypeRegistry:150 Type registration [wrapper_characters_clob] overrides previous : org.hibernate.type.CharacterArrayClobType@615439f7
2017-10-08 19:59:36,884 INFO  [main] o.h.i.SessionFactoryObjectFactory:105 Not binding factory to JNDI, no JNDI name configured
2017-10-08 19:59:36,888 INFO  [main] o.h.t.h.SchemaUpdate:155 Running hbm2ddl schema update
2017-10-08 19:59:36,888 INFO  [main] o.h.t.h.SchemaUpdate:167 fetching database metadata
2017-10-08 19:59:36,896 INFO  [main] o.h.t.h.SchemaUpdate:179 updating schema
2017-10-08 19:59:36,941 INFO  [main] o.h.t.h.TableMetadata:65 table found: sunshine.tb_price_policy
2017-10-08 19:59:36,941 INFO  [main] o.h.t.h.TableMetadata:66 columns: [carrier, trip_type, agent_id, rate, from_city, gds, spaces, to_city, id, expense, platform, status]
2017-10-08 19:59:36,942 INFO  [main] o.h.t.h.TableMetadata:68 foreign keys: []
2017-10-08 19:59:36,942 INFO  [main] o.h.t.h.TableMetadata:69 indexes: [index_agent_id, index_agent_id_status, primary]
2017-10-08 19:59:36,970 INFO  [main] o.h.t.h.TableMetadata:65 table found: sunshine.tb_quota_policy
2017-10-08 19:59:36,970 INFO  [main] o.h.t.h.TableMetadata:66 columns: [agent_id, surplus, gds, target_branch, id, uplimit, pcc_status, status]
2017-10-08 19:59:36,971 INFO  [main] o.h.t.h.TableMetadata:68 foreign keys: []
2017-10-08 19:59:36,971 INFO  [main] o.h.t.h.TableMetadata:69 indexes: [index_agent_id, index_agent_id_status, primary]
2017-10-08 19:59:36,973 INFO  [main] o.h.t.h.DatabaseMetadata:119 table not found: tb_whitelist_policy
2017-10-08 19:59:36,980 INFO  [main] o.h.t.h.DatabaseMetadata:119 table not found: tb_whitelist_policy
2017-10-08 19:59:37,868 INFO  [main] o.h.t.h.SchemaUpdate:217 schema update complete
2017-10-08 19:59:38,082 INFO  [main] o.s.o.h.HibernateTransactionManager:416 Using DataSource [com.mchange.v2.c3p0.ComboPooledDataSource [ acquireIncrement -> 2, acquireRetryAttempts -> 30, acquireRetryDelay -> 1000, autoCommitOnClose -> false, automaticTestTable -> null, breakAfterAcquireFailure -> false, checkoutTimeout -> 200, connectionCustomizerClassName -> null, connectionTesterClassName -> com.mchange.v2.c3p0.impl.DefaultConnectionTester, dataSourceName -> 1hge0yu9q1xvpgjc97gmd4|740b9a50, debugUnreturnedConnectionStackTraces -> false, description -> null, driverClass -> com.mysql.jdbc.Driver, factoryClassLocation -> null, forceIgnoreUnresolvedTransactions -> false, identityToken -> 1hge0yu9q1xvpgjc97gmd4|740b9a50, idleConnectionTestPeriod -> 600, initialPoolSize -> 3, jdbcUrl -> jdbc:mysql://localhost:3306/sunshine?useUnicode=true&characterEncoding=utf-8&autoReconnect=true, maxAdministrativeTaskTime -> 0, maxConnectionAge -> 0, maxIdleTime -> 1200, maxIdleTimeExcessConnections -> 0, maxPoolSize -> 64, maxStatements -> 128, maxStatementsPerConnection -> 0, minPoolSize -> 8, numHelperThreads -> 3, preferredTestQuery -> select 1, properties -> {user=******, password=******}, propertyCycle -> 0, statementCacheNumDeferredCloseThreads -> 0, testConnectionOnCheckin -> false, testConnectionOnCheckout -> false, unreturnedConnectionTimeout -> 0, userOverrides -> {}, usesTraditionalReflectiveProxies -> false ]] of Hibernate SessionFactory for HibernateTransactionManager
2017-10-08 19:59:38,096 INFO  [main] o.s.w.c.ContextLoader:325 Root WebApplicationContext: initialization completed in 4260 ms
2017-10-08 19:59:38,167 INFO  [main] o.s.w.s.DispatcherServlet:457 FrameworkServlet 'restapi': initialization started
2017-10-08 19:59:38,185 INFO  [main] o.s.w.c.s.XmlWebApplicationContext:512 Refreshing WebApplicationContext for namespace 'restapi-servlet': startup date [Sun Oct 08 19:59:38 CST 2017]; parent: Root WebApplicationContext
2017-10-08 19:59:38,186 INFO  [main] o.s.b.f.x.XmlBeanDefinitionReader:316 Loading XML bean definitions from class path resource [spring/mvc-context.xml]
2017-10-08 19:59:38,296 INFO  [main] o.s.b.f.a.AutowiredAnnotationBeanPostProcessor:141 JSR-330 'javax.inject.Inject' annotation found and supported for autowiring
2017-10-08 19:59:38,305 INFO  [main] o.s.b.f.s.DefaultListableBeanFactory:603 Pre-instantiating singletons in org.springframework.beans.factory.support.DefaultListableBeanFactory@5350ab17: defining beans [mvcContentNegotiationManager,org.springframework.web.servlet.mvc.method.annotation.RequestMappingHandlerMapping#0,org.springframework.format.support.FormattingConversionServiceFactoryBean#0,org.springframework.web.servlet.mvc.method.annotation.RequestMappingHandlerAdapter#0,org.springframework.web.servlet.handler.MappedInterceptor#0,org.springframework.web.servlet.mvc.method.annotation.ExceptionHandlerExceptionResolver#0,org.springframework.web.servlet.mvc.annotation.ResponseStatusExceptionResolver#0,org.springframework.web.servlet.mvc.support.DefaultHandlerExceptionResolver#0,org.springframework.web.servlet.handler.BeanNameUrlHandlerMapping,org.springframework.web.servlet.mvc.HttpRequestHandlerAdapter,org.springframework.web.servlet.mvc.SimpleControllerHandlerAdapter,captchaController,policyAdminController,org.springframework.context.annotation.internalConfigurationAnnotationProcessor,org.springframework.context.annotation.internalAutowiredAnnotationProcessor,org.springframework.context.annotation.internalRequiredAnnotationProcessor,org.springframework.context.annotation.internalCommonAnnotationProcessor,org.springframework.context.annotation.internalPersistenceAnnotationProcessor,org.springframework.web.servlet.handler.MappedInterceptor#1,org.springframework.web.servlet.view.InternalResourceViewResolver#0,rest,org.springframework.web.servlet.handler.SimpleMappingExceptionResolver#0,conversionService,org.springframework.context.annotation.ConfigurationClassPostProcessor.importAwareProcessor]; parent: org.springframework.beans.factory.support.DefaultListableBeanFactory@5fcd1f0a
2017-10-08 19:59:38,324 INFO  [main] o.s.w.s.m.m.a.RequestMappingHandlerMapping:180 Mapped "{[/captcha/verify],methods=[GET],params=[],headers=[],consumes=[],produces=[],custom=[]}" onto public com.sunshine.common.http.response.CommonResponse com.sunshine.admin.controller.CaptchaController.verify(javax.servlet.http.HttpServletRequest,javax.servlet.http.HttpServletResponse,java.lang.String)
2017-10-08 19:59:38,324 INFO  [main] o.s.w.s.m.m.a.RequestMappingHandlerMapping:180 Mapped "{[/captcha/show],methods=[GET],params=[],headers=[],consumes=[],produces=[],custom=[]}" onto public void com.sunshine.admin.controller.CaptchaController.showCaptcha(javax.servlet.http.HttpServletRequest,javax.servlet.http.HttpServletResponse)
2017-10-08 19:59:38,325 INFO  [main] o.s.w.s.m.m.a.RequestMappingHandlerMapping:180 Mapped "{[/price/saveOrUpdate],methods=[POST],params=[],headers=[],consumes=[],produces=[],custom=[]}" onto public com.sunshine.common.http.response.CommonResponse com.sunshine.admin.controller.PolicyAdminController.saveOrUpdatePrice(javax.servlet.http.HttpServletRequest,javax.servlet.http.HttpServletResponse,com.sunshine.common.vo.PricePolicy)
2017-10-08 19:59:38,326 INFO  [main] o.s.w.s.m.m.a.RequestMappingHandlerMapping:180 Mapped "{[/whitelist/saveOrUpdate],methods=[POST],params=[],headers=[],consumes=[],produces=[],custom=[]}" onto public com.sunshine.common.http.response.CommonResponse com.sunshine.admin.controller.PolicyAdminController.saveOrUpdateWhitelist(javax.servlet.http.HttpServletRequest,javax.servlet.http.HttpServletResponse,com.sunshine.common.vo.WhitelistPolicy)
2017-10-08 19:59:38,326 INFO  [main] o.s.w.s.m.m.a.RequestMappingHandlerMapping:180 Mapped "{[/quota/saveOrUpdate],methods=[POST],params=[],headers=[],consumes=[],produces=[],custom=[]}" onto public com.sunshine.common.http.response.CommonResponse com.sunshine.admin.controller.PolicyAdminController.saveOrUpdateQuota(javax.servlet.http.HttpServletRequest,javax.servlet.http.HttpServletResponse,com.sunshine.common.vo.QuotaPolicy)
2017-10-08 19:59:38,326 INFO  [main] o.s.w.s.m.m.a.RequestMappingHandlerMapping:180 Mapped "{[/price/query],methods=[GET],params=[],headers=[],consumes=[],produces=[],custom=[]}" onto public com.sunshine.common.http.response.CommonResponse com.sunshine.admin.controller.PolicyAdminController.queryPrice(javax.servlet.http.HttpServletRequest,javax.servlet.http.HttpServletResponse,com.sunshine.common.vo.TripType,com.sunshine.common.vo.GDS,com.sunshine.common.vo.Platform,java.lang.String,java.lang.Long,java.lang.String,java.lang.String)
2017-10-08 19:59:38,327 INFO  [main] o.s.w.s.m.m.a.RequestMappingHandlerMapping:180 Mapped "{[/price/del],methods=[GET],params=[],headers=[],consumes=[],produces=[],custom=[]}" onto public com.sunshine.common.http.response.CommonResponse com.sunshine.admin.controller.PolicyAdminController.delPrice(javax.servlet.http.HttpServletRequest,javax.servlet.http.HttpServletResponse,long)
2017-10-08 19:59:38,327 INFO  [main] o.s.w.s.m.m.a.RequestMappingHandlerMapping:180 Mapped "{[/whitelist/query],methods=[GET],params=[],headers=[],consumes=[],produces=[],custom=[]}" onto public com.sunshine.common.http.response.CommonResponse com.sunshine.admin.controller.PolicyAdminController.queryWhitelist(javax.servlet.http.HttpServletRequest,javax.servlet.http.HttpServletResponse,com.sunshine.common.vo.GDS,java.lang.String,java.lang.Long,java.lang.String,java.lang.String)
2017-10-08 19:59:38,328 INFO  [main] o.s.w.s.m.m.a.RequestMappingHandlerMapping:180 Mapped "{[/whitelist/del],methods=[GET],params=[],headers=[],consumes=[],produces=[],custom=[]}" onto public com.sunshine.common.http.response.CommonResponse com.sunshine.admin.controller.PolicyAdminController.delWhitelist(javax.servlet.http.HttpServletRequest,javax.servlet.http.HttpServletResponse,long)
2017-10-08 19:59:38,329 INFO  [main] o.s.w.s.m.m.a.RequestMappingHandlerMapping:180 Mapped "{[/quota/query],methods=[GET],params=[],headers=[],consumes=[],produces=[],custom=[]}" onto public com.sunshine.common.http.response.CommonResponse com.sunshine.admin.controller.PolicyAdminController.queryQuota(javax.servlet.http.HttpServletRequest,javax.servlet.http.HttpServletResponse,java.lang.Integer,com.sunshine.common.vo.GDS,java.lang.Long,java.lang.String)
2017-10-08 19:59:38,330 INFO  [main] o.s.w.s.m.m.a.RequestMappingHandlerMapping:180 Mapped "{[/quota/del],methods=[GET],params=[],headers=[],consumes=[],produces=[],custom=[]}" onto public com.sunshine.common.http.response.CommonResponse com.sunshine.admin.controller.PolicyAdminController.delQuota(javax.servlet.http.HttpServletRequest,javax.servlet.http.HttpServletResponse,long)
2017-10-08 19:59:38,457 INFO  [main] o.s.w.s.DispatcherServlet:476 FrameworkServlet 'restapi': initialization completed in 289 ms
